0 info it worked if it ends with ok
1 verbose cli [ '/usr/local/bin/node',
1 verbose cli   '/usr/local/bin/npm',
1 verbose cli   'install',
1 verbose cli   '-g',
1 verbose cli   'grunt-cli' ]
2 info using npm@2.10.1
3 info using node@v0.12.4
4 verbose node symlink /usr/local/bin/node
5 verbose install initial load of /usr/local/lib/package.json
6 verbose readDependencies loading dependencies from /usr/local/lib/package.json
7 silly cache add args [ 'grunt-cli', null ]
8 verbose cache add spec grunt-cli
9 silly cache add parsed spec { raw: 'grunt-cli',
9 silly cache add   scope: null,
9 silly cache add   name: 'grunt-cli',
9 silly cache add   rawSpec: '',
9 silly cache add   spec: '*',
9 silly cache add   type: 'range' }
10 silly addNamed grunt-cli@*
11 verbose addNamed "*" is a valid semver range for grunt-cli
12 silly addNameRange { name: 'grunt-cli', range: '*', hasData: false }
13 silly mapToRegistry name grunt-cli
14 silly mapToRegistry using default registry
15 silly mapToRegistry registry https://registry.npmjs.org/
16 silly mapToRegistry uri https://registry.npmjs.org/grunt-cli
17 verbose addNameRange registry:https://registry.npmjs.org/grunt-cli not in flight; fetching
18 verbose request uri https://registry.npmjs.org/grunt-cli
19 verbose request no auth needed
20 info attempt registry request try #1 at 7:59:52 AM
21 verbose request id 8f421fe720f2e7f3
22 http request GET https://registry.npmjs.org/grunt-cli
23 http 200 https://registry.npmjs.org/grunt-cli
24 silly get cb [ 200,
24 silly get   { server: 'CouchDB/1.5.0 (Erlang OTP/R16B03)',
24 silly get     etag: '"5JOAOAMYHZNGI641IQUQVKQZ"',
24 silly get     'content-type': 'application/json',
24 silly get     'cache-control': 'max-age=60',
24 silly get     'content-length': '21043',
24 silly get     'accept-ranges': 'bytes',
24 silly get     date: 'Mon, 15 Jun 2015 12:59:50 GMT',
24 silly get     via: '1.1 varnish',
24 silly get     age: '0',
24 silly get     connection: 'keep-alive',
24 silly get     'x-served-by': 'cache-ord1726-ORD',
24 silly get     'x-cache': 'HIT',
24 silly get     'x-cache-hits': '1',
24 silly get     'x-timer': 'S1434373189.970275,VS0,VE62',
24 silly get     vary: 'Accept' } ]
25 verbose get saving grunt-cli to /home/mkosler/.npm/registry.npmjs.org/grunt-cli/.cache.json
26 silly addNameRange number 2 { name: 'grunt-cli', range: '*', hasData: true }
27 silly addNameRange versions [ 'grunt-cli',
27 silly addNameRange   [ '0.1.0',
27 silly addNameRange     '0.1.1',
27 silly addNameRange     '0.1.2',
27 silly addNameRange     '0.1.3',
27 silly addNameRange     '0.1.4',
27 silly addNameRange     '0.1.5',
27 silly addNameRange     '0.1.6',
27 silly addNameRange     '0.1.7',
27 silly addNameRange     '0.1.8',
27 silly addNameRange     '0.1.9',
27 silly addNameRange     '0.1.10',
27 silly addNameRange     '0.1.11',
27 silly addNameRange     '0.1.12',
27 silly addNameRange     '0.1.13' ] ]
28 silly addNamed grunt-cli@0.1.13
29 verbose addNamed "0.1.13" is a plain semver version for grunt-cli
30 silly mapToRegistry name grunt-cli
31 silly mapToRegistry using default registry
32 silly mapToRegistry registry https://registry.npmjs.org/
33 silly mapToRegistry uri https://registry.npmjs.org/grunt-cli
34 verbose addRemoteTarball https://registry.npmjs.org/grunt-cli/-/grunt-cli-0.1.13.tgz not in flight; adding
35 verbose addRemoteTarball [ 'https://registry.npmjs.org/grunt-cli/-/grunt-cli-0.1.13.tgz',
35 verbose addRemoteTarball   'e9ebc4047631f5012d922770c39378133cad10f4' ]
36 info retry fetch attempt 1 at 7:59:53 AM
37 info attempt registry request try #1 at 7:59:53 AM
38 http fetch GET https://registry.npmjs.org/grunt-cli/-/grunt-cli-0.1.13.tgz
39 http fetch 200 https://registry.npmjs.org/grunt-cli/-/grunt-cli-0.1.13.tgz
40 silly fetchAndShaCheck shasum e9ebc4047631f5012d922770c39378133cad10f4
41 verbose addTmpTarball /tmp/npm-18816-ed134777/registry.npmjs.org/grunt-cli/-/grunt-cli-0.1.13.tgz not in flight; adding
42 verbose addTmpTarball already have metadata; skipping unpack for grunt-cli@0.1.13
43 silly cache afterAdd grunt-cli@0.1.13
44 verbose afterAdd /home/mkosler/.npm/grunt-cli/0.1.13/package/package.json not in flight; writing
45 verbose afterAdd /home/mkosler/.npm/grunt-cli/0.1.13/package/package.json written
46 silly install resolved [ { name: 'grunt-cli',
46 silly install resolved     description: 'The grunt command line interface.',
46 silly install resolved     version: '0.1.13',
46 silly install resolved     author: { name: 'Grunt Team' },
46 silly install resolved     homepage: 'http://gruntjs.com/',
46 silly install resolved     repository: { type: 'git', url: 'git://github.com/gruntjs/grunt-cli.git' },
46 silly install resolved     bugs: { url: 'http://github.com/gruntjs/grunt-cli/issues' },
46 silly install resolved     licenses: [ [Object] ],
46 silly install resolved     bin: { grunt: 'bin/grunt' },
46 silly install resolved     engines: { node: '>= 0.8.0' },
46 silly install resolved     scripts: { test: 'node bin/grunt test' },
46 silly install resolved     preferGlobal: true,
46 silly install resolved     dependencies: { nopt: '~1.0.10', 'findup-sync': '~0.1.0', resolve: '~0.3.1' },
46 silly install resolved     devDependencies: { grunt: '~0.4.0', 'grunt-contrib-jshint': '~0.2.0' },
46 silly install resolved     contributors: [ [Object], [Object], [Object], [Object] ],
46 silly install resolved     _id: 'grunt-cli@0.1.13',
46 silly install resolved     dist:
46 silly install resolved      { shasum: 'e9ebc4047631f5012d922770c39378133cad10f4',
46 silly install resolved        tarball: 'http://registry.npmjs.org/grunt-cli/-/grunt-cli-0.1.13.tgz' },
46 silly install resolved     _from: 'grunt-cli@*',
46 silly install resolved     _npmVersion: '1.3.24',
46 silly install resolved     _npmUser: { name: 'tkellen', email: 'tyler@sleekcode.net' },
46 silly install resolved     maintainers: [ [Object] ],
46 silly install resolved     directories: {},
46 silly install resolved     _shasum: 'e9ebc4047631f5012d922770c39378133cad10f4',
46 silly install resolved     _resolved: 'https://registry.npmjs.org/grunt-cli/-/grunt-cli-0.1.13.tgz' } ]
47 info install grunt-cli@0.1.13 into /usr/local/lib
48 info installOne grunt-cli@0.1.13
49 verbose installOne of grunt-cli to /usr/local/lib not in flight; installing
50 verbose lock using /home/mkosler/.npm/_locks/grunt-cli-58f484dab06f0a30.lock for /usr/local/lib/node_modules/grunt-cli
51 silly install write writing grunt-cli 0.1.13 to /usr/local/lib/node_modules/grunt-cli
52 verbose unbuild lib/node_modules/grunt-cli
53 silly gentlyRm /usr/local/lib/node_modules/grunt-cli is being purged from base /usr/local
54 verbose gentlyRm don't care about contents; nuking /usr/local/lib/node_modules/grunt-cli
55 verbose tar unpack /home/mkosler/.npm/grunt-cli/0.1.13/package.tgz
56 verbose tar unpacking to /usr/local/lib/node_modules/grunt-cli
57 silly gentlyRm /usr/local/lib/node_modules/grunt-cli is being purged
58 verbose gentlyRm don't care about contents; nuking /usr/local/lib/node_modules/grunt-cli
59 silly gunzTarPerm modes [ '755', '644' ]
60 error tar.unpack untar error /home/mkosler/.npm/grunt-cli/0.1.13/package.tgz
61 verbose unlock done using /home/mkosler/.npm/_locks/grunt-cli-58f484dab06f0a30.lock for /usr/local/lib/node_modules/grunt-cli
62 verbose fstream_path /usr/local/lib/node_modules/grunt-cli
63 verbose fstream_type Directory
64 verbose fstream_class DirWriter
65 verbose stack Error: EACCES, mkdir '/usr/local/lib/node_modules'
65 verbose stack     at Error (native)
66 verbose fstream_stack /home/mkosler/node-v0.12.4-linux-x64/lib/node_modules/npm/node_modules/fstream/lib/writer.js:171:25
66 verbose fstream_stack /home/mkosler/node-v0.12.4-linux-x64/lib/node_modules/npm/node_modules/mkdirp/index.js:47:53
66 verbose fstream_stack FSReqWrap.oncomplete (fs.js:95:15)
67 verbose cwd /home/mkosler/Projects/dota2castit
68 error Linux 3.16.0-4-amd64
69 error argv "/usr/local/bin/node" "/usr/local/bin/npm" "install" "-g" "grunt-cli"
70 error node v0.12.4
71 error npm  v2.10.1
72 error path /usr/local/lib/node_modules
73 error code EACCES
74 error errno -13
75 error Error: EACCES, mkdir '/usr/local/lib/node_modules'
75 error     at Error (native)
75 error  { [Error: EACCES, mkdir '/usr/local/lib/node_modules']
75 error   errno: -13,
75 error   code: 'EACCES',
75 error   path: '/usr/local/lib/node_modules',
75 error   fstream_type: 'Directory',
75 error   fstream_path: '/usr/local/lib/node_modules/grunt-cli',
75 error   fstream_class: 'DirWriter',
75 error   fstream_stack:
75 error    [ '/home/mkosler/node-v0.12.4-linux-x64/lib/node_modules/npm/node_modules/fstream/lib/writer.js:171:25',
75 error      '/home/mkosler/node-v0.12.4-linux-x64/lib/node_modules/npm/node_modules/mkdirp/index.js:47:53',
75 error      'FSReqWrap.oncomplete (fs.js:95:15)' ] }
76 error Please try running this command again as root/Administrator.
77 verbose exit [ -13, true ]
78 verbose unbuild lib/node_modules/grunt-cli
79 silly gentlyRm /usr/local/lib/node_modules/grunt-cli is being purged from base /usr/local
80 verbose gentlyRm don't care about contents; nuking /usr/local/lib/node_modules/grunt-cli
